81
89
122
17
45
42
23
156
41
98
0
78
98
1
122
36
59
-45
82
12
159
23
36
45
45
16
61
31
156
123
25
21
4
-17
71
55
-45
95
45
38
57
31
243
55
123
57
180
135
73
-44
42
49
81
-186
-29
73
-60
91
42
65
45
55
21
86
-47
23
120
33
41
82
90
-29
179
-92
124
22
-60
31
82
93
65
-45
248
-24
48
42
-92
-19
58
42
93
86
-71
179
8
-83
-113
161
130
70
86
16
-146
45
250
114
61
179
56
156
45
77
-4
43
-71
8
55
203
249
60
49
250
70
86
85
93
53
91
124
52
224
93
42
60
-3
42
-69
-3
-4
114
155
200
-34
91
90
45
120
47
123
45
7
162
174
67
38
188
-128
187
-51
114
50
322
-60
-77
83
78
241
20
34
77
99
-39
7
139
65
83
115
179
102
-71
-39
235
139
-71
-39
138
156
156
157
-14
37
83
71
-112
11
-11
-51
-19
102
-8
21
117
-13
-135
235
180
138
77
23
200
16
2
-149
179
8
237
199
62
86
18
141
-20
178
-30
-20
-128
179
59
199
-140
83
59
-146
-30
99
168
63
47
80
199
178
152
297
-38
148
224
-11
153
20
99
148
156
46
-69
115
47
47
109
187
47
-38
36
-71
178
-140
80
257
120
77
20
218
2
306
32
6
95
36
-29
257
6
99
-10
179
63
-131
235
156
-22
240
-99
78
214
133
-2
-19
55
123
45
138
173
-16
100
-38
6
114
260
106
113
156
-13
106
214
23
-158
235
4
235
278
188
241
53
120
-233
238
25
196
18
356
3
25
4
-158
189
173
238
-26
-19
392
39
60
68
-7
-140
4
-140
169
-21
212
19
-32
-10
161
151
-193
356
282
116
35
-72
305
-21
21
-13
5
141
100
264
-26
19
-103
146
115
397
-271
172
184
100
183
-278
8
162
224
95
91
143
95
235
25
-300
358
29
183
265
70
178
66
466
181
-21
96
173
5
35
60
35
163
252
218
29
96
97
17
-140
8
284
173
302
282
153
255
308
122
-282
143
360
-14
54
110
154
116
441
358
97
-14
172
10
122
88
-396
-58
240
359
-103
-140
-89
10
344
4
181
344
4
-8
-83
-396
-261
-214
371
12
-81
-81
183
66
7
-396
-282
208
207
53
-80
-211
85
335
178
51
-82
128
-153
91
255
208
-23
-39
282
252
3
58
60
269
76
66
177
8
-333
222
132
-306
169
66
53
269
-21
269
-50
92
-154
187
207
-78
65
468
177
50
132
293
132
61
-402
169
182
200
406
243
-366
39
161
43
61
259
418
254
232
-111
293
120
235
-279
135
108
-111
439
254
183
200
84
-94
302
43
-333
248
-7
418
120
158
252
76
335
-25
-111
303
-54
-25
-94
-124
244
7
186
341
262
90
208
-54
339
208
-26
7
241
-48
108
214
-168
270
-54
-73
-73
-166
39
-366
77
117
-15
242
120
-87
-178
21
66
48
-15
2
436
76
273
328
161
121
155
39
-345
-80
-185
242
114
-111
28
319
47
2
319
78
66
-24
178
-166
160
4
87
103
282
312
-122
-308
-26
170
120
300
71
260
304
250
77
-13
94
216
-237
-237
-87
396
103
-26
127
259
-105
395
71
77
-68
-308
221
314
-65
-307
226
131
-286
-16
17
100
185
-38
17
-11
305
27
360
-56
-92
143
-39
133
-225
-47
143
455
-97
395
83
-32
3
3
60
515
-4
63
133
224
298
-307
28
60
-89
164
-97
94
515
487
42
107
-23
187
487
60
179
40
55
-182
345
403
-113
319
-106
-43
249
-307
407
318
83
37
403
-61
237
501
319
-442
272
155
-104
-154
147
228
89
185
145
-65
-47
226
-99
87
160
60
238
147
324
185
164
-111
-89
-286
-89
-286
-89
154
91
320
-16
165
-194
-308
61
117
-456
-308
-116
164
-128
-80
24
322
-94
198
21
275
554
319
320
-93
479
198
27
162
-1
-456
42
-49
61
275
-456
-193
71
69
235
292
159
159
275
-62
322
-213
-106
117
-94
51
319
-128
-62
159
61
-57
395
-95
21
-181
-73
246
-411
-83
140
34
-213
353
560
140
-185
137
-96
245
-8
-127
-106
-55
135
224
-81
112
61
159
291
83
327
157
-213
-231
395
128
-133
49
-297
-164
96
-340
280
55
-10
135
26
-169
395
110
9
57
-216
439
322
-155
-4
-128
395
560
775
162
245
-81
26
-181
55
-181
140
141
-169
98
-213
327
-74
395
28
-81
-492
28
12
208
-133
230
20
-89
162
-269
-128
-169
159
439
160
-269
215
-242
-280
83
160
35
-89
-128
560
-269
-389
-169
34
48
560
-191
142
56
25
338
-155
214
332
60
-128
440
372
-492
308
25
61
22
110
-124
526
-37
217
383
749
36
-258
142
291
-81
-474
83
-258
-58
-93
93
93
320
532
308
60
36
137
438
338
-157
-93
-338
162
-102
140
-213
438
-10
-37
291
-10
-324
244
-85
-338
178
151
425
151
438
167
425
-289
314
-58
-216
-273
749
5
-60
-171
438
60
-191
223
60
330
111
189
-4
479
-4
-178
60
-328
295
177
249
198
-178
330
17
184
81
-93
-56
117
61
59
-492
5
-71
-93
749
61
749
-23
-258
479
-93
11
198
257
42
-173
117
100
56
25
-4
139
25
100
479
89
-8
257
-195
-43
142
126
-223
-219
257
147
95
117
-111
175
-111
-242
198
0
379
133
-328
305
126
126
-90
-299
126
330
224
-112
27
246
-131
126
386
-43
184
-101
106
73
175
271
-176
81
115
-30
151
27
-103
168
184
-198
72
463
79
8
159
-198
-256
104
-63
246
130
-128
-198
662
17
17
159
141
458
130
665
3
479
-105
-147
-136
224
126
75
-136
125
55
81
-26
47
224
139
-492
292
428
-492
11
810
257
47
420
-44
-286
428
-198
9
-8
-111
378
-41
-42
221
208
129
662
208
-147
151
-215
-3
-44
-136
171
172
-44
-5
428
-404
129
204
198
231
203
-78
126
428
-199
-89
223
-3
107
171
560
-602
17
-105
117
416
333
-280
131
247
165
-9
47
-280
366
168
-421
734
173
65
247
20
-602
275
-97
292
107
203
-389
65
3
52
275
37
-140
-638
-99
146
-9
405
-219
149
197
26
-181
243
24
-67
27
-97
117
182
26
183
807
179
45
-105
103
149
483
-111
298
191
314
45
65
-154
-11
-12
-428
243
900
361
191
-602
-9
16
-221
153
310
-270
405
103
-428
96
116
3
243
223
313
103
240
132
534
627
-86
373
129
627
-50
-447
3
23
164
373
-270
-105
-140
-150
75
373
356
483
217
232
129
-379
149
377
232
217
-64
21
401
192
373
74
124
-8
286
-23
157
-76
433
318
402
-154
65
42
-519
97
134
-129
-129
-220
383
-733
88
-467
86
526
-264
87
192
347
-127
-12
54
168
627
-58
-447
217
19
-130
113
-331
-379
292
199
194
92
417
383
155
589
192
522
54
-331
-472
88
-104
254
-94
-707
439
46
168
74
-655
54
378
250
526
263
385
-44
-95
-655
253
250
-471
-150
892
278
179
88
26
-510
292
-8
892
-129
-44
440
88
-383
-330
627
458
-228
87
261
458
-467
253
192
189
176
-58
356
-58
-169
248
172
179
-26
435
-98
-169
-31
278
23
19
630
-228
141
87
261
630
522
69
372
103
224
211
30
-228
-707
279
132
456
-655
-67
148
456
351
72
455
-330
53
158
355
230
270
405
-383
-309
470
355
-274
440
261
-132
-330
519
-140
523
440
261
336
261
-161
273
30
440
-115
87
87
179
351
467
261
189
273
31
222
-651
338
485
181
-87
338
-651
181
467
339
-487
418
74
189
79
-228
519
-167
-43
120
217
172
355
136
467
-58
30
413
-380
456
273
217
512
418
172
-155
217
122
-487
-228
-523
-43
-228
-228
-65
-380
61
-113
339
339
136
627
27
133
418
369
129
110
242
136
2
-330
79
133
-330
-104
-22
192
-368
189
-9
-43
411
74
485
242
-44
355
222
216
248
-42
216
73
398
14
339
149
74
159
429
70
51
-651
-32
-146
424
259
229
-41
-130
108
229
-76
276
807
176
14
-337
-137
71
-337
-23
591
-448
-37
292
-37
437
176
481
110
-104
-262
664
-19
459
216
-37
-451
79
254
-76
-17
417
-98
-135
152
291
368
213
436
108
-78
61
-137
210
25
-32
-65
93
481
-31
-176
17
-451
74
-664
-19
-6
424
448
70
-135
-643
17
-78
-643
140
301
140
-97
487
217
70
-76
-248
335
322
108
242
460
309
586
70
-85
-127
134
217
209
242
-262
122
206
158
70
4
420
168
347
1
-154
122
206
199
-18
344
-683
521
166
595
163
-126
124
-180
553
413
-319
108
521
349
166
-37
163
541
166
286
466
124
-682
142
-25
-37
209
-682
235
511
413
203
-451
-40
-76
142
37
111
-61
-116
-82
458
387
459
205
-773
825
-365
57
-146
370
466
-563
-609
449
-67
-32
57
89
-141
62
-674
-397
428
273
-643
17
274
428
204
-53
235
-623
8
624
359
-61
327
204
-43
199
219
428
310
29
145
422
-262
73
299
511
-562
321
145
299
251
62
163
-562
273
93
-180
213
-559
114
22
-97
-180
-67
422
245
23
-169
-76
398
421
-120
-82
125
-464
-94
398
172
-36
-94
131
258
-195
359
97
418
-609
355
511
-76
418
329
-67
387
-67
504
310
-70
251
249
-354
355
207
207
29
439
-36
412
268
518
429
-29
98
331
505
-133
-503
203
448
77
-67
448
210
-548
-29
275
-510
249
-5
57
148
286
5
-609
342
33
473
210
-547
33
-354
-326
262
290
342
486
-42
260
-343
178
463
111
54
175
-322
148
150
319
159
450
26
-643
-439
473
11
54
322
191
511
542
73
249
668
542
-510
338
56
-67
408
540
18
252
26
-582
473
-624
292
70
-29
-34
177
-278
196
283
173
-509
668
70
322
-184
-325
54
480
515
196
-338
54
641
156
538
-618
33
-36
-586
173
271
27
155
11
219
249
-527
979
-116
242
-91
-288
283
-21
538
-299
328
585
352
33
148
-62
123
979
595
178
641
255
33
-299
173
-214
-499
-21
-125
180
-248
191
172
418
-299
-531
-218
181
-214
-93
565
412
87
606
-187
11
-214
792
792
33
123
27
-402
-253
-71
453
-276
88
-159
418
-460
-426
-531
264
-253
608
298
473
275
159
123
300
-68
-543
210
593
210
119
-666
-465
-486
26
608
550
197
550
62
-151
-14
184
103
253
62
275
67
537
-408
33
66
127
67
-20
259
-86
-483
281
-314
141
227
979
-95
-299
-483
-752
264
26
326
5
-392
26
214
537
133
-326
768
37
93
-543
93
-293
-152
264
-556
-543
-483
-837
486
-556
979
107
-442
554
-295
-187
-513
-295
579
-99
-668
84
298
654
-95
213
820
55
156
277
-78
11
-837
-99
-120
-292
214
-837
-99
109
156
-69
513
266
270
-326
-50
105
270
-392
-392
-289
270
-394
534
66
495
-543
-326
-513
32
298
254
105
-326
-407
99
405
267
-78
364
526
-310
-42
97
140
73
140
708
-50
600
11
-310
-176
10
469
592
469
324
557
59
759
-208
405
272
-382
324
126
-84
526
405
759
109
98
91
77
374
-176
-365
-42
-367
-464
-498
892
-273
495
-150
-150
406
-176
466
-42
272
646
-297
70
-31
-498
-326
-207
781
92
124
-12
241
178
223
109
124
-382
-367
557
366
-48
-382
390
178
197
-336
526
178
-9
37
394
781
167
242
70
280
-837
37
546
-12
-426
530
489
696
124
-247
266
781
-441
-336
-513
91
-382
-55
-9
289
582
98
-441
-221
507
156
-31
91
150
375
266
-902
404
449
371
-726
178
-113
372
-56
-43
980
-170
124
14
-88
44
241
174
280
546
275
582
391
280
489
13
40
-2
-88
162
650
-566
-43
-705
-336
241
374
-587
-426
-89
-89
-549
374
616
124
-389
93
489
-63
181
430
632
-566
-320
462
-68
-389
162
-12
66
240
339
-68
343
382
-320
287
546
240
629
349
-521
-587
-336
412
52
-1
-419
-17
-521
93
629
287
-42
-68
405
124
629
489
-184
-51
404
-347
170
374
-578
226
-320
-336
-549
374
190
391
-350
429
-89
-419
-42
29
220
573
-293
339
255
-578
-48
165
0
52
134
-149
35
457
865
52
134
457
-51
138
35
-52
545
424
980
255
-587
17
-149
335
118
-7
-448
369
-389
-17
-385
161
-551
-331
-68
161
-336
394
416
-385
448
156
-184
255
86
-33
640
-448
156
17
285
295
-17
307
-11
748
77
582
-17
204
457
302
236
204
335
-454
-454
57
-187
-639
342
78
-342
-14
302
-400
-68
184
-77
156
799
156
499
-141
-19
350
307
-351
-77
369
-54
-119
-19
393
-62
40
119
-149
307
484
658
-858
341
307
-409
299
350
393
934
-149
324
-229
259
-77
344
-162
-162
-184
-460
-91
170
29
303
19
-503
324
-460
-536
-361
608
118
294
135
601
31
341
-162
-151
-19
-536
-115
-351
756
448
-361
-140
436
303
-151
323
-183
680
547
436
934
265
362
-162
76
811
-595
-448
680
-77
547
8
271
934
436
-349
428
-192
271
-595
95
311
95
341
-349
-159
-54
-149
284
117
117
-114
265
-3
19
-448
212
78
350
31
350
-23
-245
-245
31
341
497
294
366
-23
-91
264
-114
-159
-597
-454
-439
919
50
425
410
410
46
-114
-204
-337
264
-91
-114
292
54
-91
85
-138
239
350
423
264
-42
423
734
-492
-42
-494
158
423
-138
-3
366
-3
615
199
192
509
-53
192
-486
240
-698
-906
-114
-401
115
-42
-263
-115
199
-115
-132
-443
-53
595
-189
312
269
397
409
436
-765
-37
199
-517
-150
409
-109
312
-88
158
497
290
-342
350
117
239
519
842
263
511
-90
117
-492
-369
220
-115
-492
761
216
211
-203
390
-422
419
397
-625
-222
269
-517
519
-74
-351
519
465
-517
108
201
240
-159
-45
203
-442
183
480
-517
325
-110
50
203
360
-72
-131
-337
333
371
-31
183
239
340
580
-82
622
38
-31
286
338
-164
-362
49
-425
-94
-5
-888
212
237
59
-38
300
333
406
-555
-262
212
-351
202
-723
-888
-351
-397
201
531
358
-40
405
480
-351
-50
-365
-283
-555
291
704
-72
-128
44
-480
504
-116
-472
286
532
300
904
110
178
-140
15
747
-94
-390
376
-116
531
28
-927
504
28
549
196
561
217
765
-388
289
-515
231
-282
285
-36
-192
-283
-374
320
325
-390
-116
-35
518
-614
-159
325
322
504
91
95
-164
91
472
-390
432
-390
286
-132
324
87
-478
-136
-128
-116
418
-870
715
-149
102
-390
972
239
370
814
-518
-205
-533
431
-139
451
-188
472
-397
42
-283
-58
87
-163
-533
6
227
139
-207
267
-870
-94
447
-158
87
-585
-145
4
298
466
304
304
374
369
-675
-139
431
-207
298
-40
87
91
-231
431
-467
-478
-326
368
-119
-402
-94
-231
907
878
814
65
-669
133
-471
9
79
170
227
-203
-400
348
-590
279
199
643
-405
-109
-40
199
65
9
267
-278
496
485
-139
-166
-435
-472
512
49
279
388
-40
-139
787
427
-471
143
787
-104
-391
485
-282
349
543
-402
550
-542
-674
643
865
12
91
-94
-135
361
-825
358
398
408
9
9
108
714
279
800
-375
360
398
49
65
-469
382
388
-375
-268
274
-1111
-135
382
-482
-489
-1111
408
-293
444
-139
95
462
-201
-757
267
-314
-698
525
-573
-757
267
247
671
18
717
-226
724
462
228
95
699
-284
397
-69
193
-654
493
193
474
-241
95
91
186
228
-69
-300
-293
699
750
-135
-99
-104
183
18
283
397
14
136
-274
-135
-423
32
475
-849
-314
9
-573
-226
-849
186
-378
-7
468
-92
564
462
672
-365
-474
287
87
183
-477
582
468
-64
-583
-72
8
-285
349
-423
-92
-430
206
-120
643
460
-447
-24
808
291
18
-285
189
604
-293
-482
244
42
-382
468
-497
-537
267
296
255
-190
435
886
340
808
366
-502
10
-72
348
-104
-145
206
601
500
232
348
-776
381
274
-497
416
10
173
644
191
-384
433
-159
223
226
746
202
287
604
416
557
296
770
427
613
66
189
598
-413
604
452
269
66
350
202
746
-151
746
-686
-776
-663
604
526
29
580
-924
66
401
-112
-579
-498
-317
378
-24
-436
-293
378
344
-151
321
351
-345
506
-639
0
321
206
-348
-152
-680
796
43
467
-59
-285
-924
290
156
77
-776
723
-603
-769
-285
297
-662
-285
-319
630
722
-104
0
-776
-433
424
-12
-209
-111
-433
-104
-274
-1120
-310
8
518
518
-111
69
-639
-62
69
-379
-264
-3
-314
-3
210
206
-641
-226
-285
-56
202
630
-371
909
-696
8
-379
-65
-444
476
-1066
8
-314
77
117
149
638
-511
463
69
135
135
796
379
425
290
-808
-65
299
350
379
214
749
290
-226
-719
145
728
-256
290
425
482
532
385
505
-80
559
